  [1m[35m (0.3ms)[0m  [1m[35mCREATE TABLE "schema_migrations" ("version" varchar NOT NULL PRIMARY KEY)[0m
  [1m[35m (0.1ms)[0m  [1m[35mCREATE TABLE "ar_internal_metadata" ("key" varchar NOT NULL PRIMARY KEY, "value" varchar, "created_at" datetime(6) NOT NULL, "updated_at" datetime(6) NOT NULL)[0m
  [1m[36mActiveRecord::InternalMetadata Load (0.1ms)[0m  [1m[34mSELECT * FROM "ar_internal_metadata" WHERE "ar_internal_metadata"."key" = ? ORDER BY "ar_internal_metadata"."key" ASC LIMIT 1[0m  [[nil, "environment"]]
  [1m[36mActiveRecord::InternalMetadata Create (0.1ms)[0m  [1m[32mINSERT INTO "ar_internal_metadata" ("key", "value", "created_at", "updated_at") VALUES ('environment', 'development', '2024-10-23 04:42:37.302604', '2024-10-23 04:42:37.302606') RETURNING "key"[0m
  [1m[36mActiveRecord::SchemaMigration Load (0.0ms)[0m  [1m[34mSELECT "schema_migrations"."version" FROM "schema_migrations" ORDER BY "schema_migrations"."version" ASC[0m
Migrating to CreateUsers (20241023044157)
  [1m[36mActiveRecord::InternalMetadata Load (0.1ms)[0m  [1m[34mSELECT * FROM "ar_internal_metadata" WHERE "ar_internal_metadata"."key" = ? ORDER BY "ar_internal_metadata"."key" ASC LIMIT 1[0m  [[nil, "environment"]]
  [1m[36mActiveRecord::SchemaMigration Load (0.0ms)[0m  [1m[34mSELECT "schema_migrations"."version" FROM "schema_migrations" ORDER BY "schema_migrations"."version" ASC[0m
Migrating to CreateUsers (20241023044157)
  [1m[36mTRANSACTION (0.0ms)[0m  [1m[36mbegin transaction[0m
  [1m[35m (0.4ms)[0m  [1m[35mCREATE TABLE "users" ("id" integer PRIMARY KEY AUTOINCREMENT NOT NULL, "name" varchar, "email" varchar, "password_digest" varchar, "thumbnail" varchar, "description" text, "created_at" datetime(6) NOT NULL, "updated_at" datetime(6) NOT NULL)[0m
  [1m[36mActiveRecord::SchemaMigration Create (0.0ms)[0m  [1m[32mINSERT INTO "schema_migrations" ("version") VALUES ('20241023044157') RETURNING "version"[0m
  [1m[36mTRANSACTION (0.2ms)[0m  [1m[36mcommit transaction[0m
  [1m[36mActiveRecord::SchemaMigration Load (0.0ms)[0m  [1m[34mSELECT "schema_migrations"."version" FROM "schema_migrations" ORDER BY "schema_migrations"."version" ASC[0m
  [1m[36mTRANSACTION (0.1ms)[0m  [1m[36mbegin transaction[0m
  [1m[36mUser Create (0.9ms)[0m  [1m[32mINSERT INTO "users" ("name", "email", "password_digest", "thumbnail", "description", "created_at", "updated_at") VALUES (?, ?, ?, ?, ?, ?, ?) RETURNING "id"[0m  [["name", "usagi"], ["email", "[FILTERED]"], ["password_digest", "[FILTERED]"], ["thumbnail", "http://example.com/image.png"], ["description", "っら〜"], ["created_at", "2024-10-23 04:47:22.207120"], ["updated_at", "2024-10-23 04:47:22.207120"]]
  [1m[36mTRANSACTION (1.5ms)[0m  [1m[36mcommit transaction[0m
  [1m[36mUser Load (0.1ms)[0m  [1m[34mSELECT "users".* FROM "users" ORDER BY "users"."id" DESC LIMIT ?[0m  [["LIMIT", 1]]
  [1m[36mTRANSACTION (0.1ms)[0m  [1m[36mbegin transaction[0m
  [1m[36mUser Create (0.4ms)[0m  [1m[32mINSERT INTO "users" ("name", "email", "password_digest", "thumbnail", "description", "created_at", "updated_at") VALUES (?, ?, ?, ?, ?, ?, ?) RETURNING "id"[0m  [["name", "chikawa"], ["email", "[FILTERED]"], ["password_digest", "[FILTERED]"], ["thumbnail", "http://example.com/image.png"], ["description", "ふ"], ["created_at", "2024-10-23 04:48:39.334460"], ["updated_at", "2024-10-23 04:48:39.334460"]]
  [1m[36mTRANSACTION (0.1ms)[0m  [1m[36mcommit transaction[0m
  [1m[36mUser Load (0.1ms)[0m  [1m[34mSELECT "users".* FROM "users" ORDER BY "users"."id" DESC LIMIT ?[0m  [["LIMIT", 1]]
  [1m[36mUser Load (0.3ms)[0m  [1m[34mSELECT "users".* FROM "users" /* loading for pp */ LIMIT ?[0m  [["LIMIT", 11]]
  [1m[36mActiveRecord::InternalMetadata Load (0.0ms)[0m  [1m[34mSELECT * FROM "ar_internal_metadata" WHERE "ar_internal_metadata"."key" = ? ORDER BY "ar_internal_metadata"."key" ASC LIMIT 1[0m  [[nil, "environment"]]
  [1m[36mActiveRecord::SchemaMigration Load (0.0ms)[0m  [1m[34mSELECT "schema_migrations"."version" FROM "schema_migrations" ORDER BY "schema_migrations"."version" ASC[0m
  [1m[36mActiveRecord::SchemaMigration Load (0.0ms)[0m  [1m[34mSELECT "schema_migrations"."version" FROM "schema_migrations" ORDER BY "schema_migrations"."version" ASC[0m
Started GET "/" for 127.0.0.1 at 2024-10-23 13:54:29 +0900
  [1m[36mActiveRecord::SchemaMigration Load (0.2ms)[0m  [1m[34mSELECT "schema_migrations"."version" FROM "schema_migrations" ORDER BY "schema_migrations"."version" ASC[0m
Processing by Rails::WelcomeController#index as HTML
  Rendering /Users/makotoagawa/.rbenv/versions/3.2.4/lib/ruby/gems/3.2.0/gems/railties-7.2.1.1/lib/rails/templates/rails/welcome/index.html.erb
  Rendered /Users/makotoagawa/.rbenv/versions/3.2.4/lib/ruby/gems/3.2.0/gems/railties-7.2.1.1/lib/rails/templates/rails/welcome/index.html.erb (Duration: 0.3ms | GC: 0.0ms)
Completed 200 OK in 16ms (Views: 4.3ms | ActiveRecord: 0.0ms (0 queries, 0 cached) | GC: 1.0ms)


Started GET "/api/v1/users/" for ::1 at 2024-10-23 13:54:37 +0900
  
ActionController::RoutingError (uninitialized constant Api):

Causes:
ActionDispatch::MissingController (uninitialized constant Api)
NameError (uninitialized constant Api)
  
Started GET "/api/v1/users/" for ::1 at 2024-10-23 14:06:16 +0900
Processing by Api::V1::UsersController#index as */*
Completed 500 Internal Server Error in 22ms (ActiveRecord: 0.0ms (0 queries, 0 cached) | GC: 6.9ms)


  
LoadError (cannot load such file -- bcrypt):
  
app/models/user.rb:2:in `<class:User>'
app/models/user.rb:1:in `<main>'
app/controllers/api/v1/users_controller.rb:9:in `index'
Started GET "/api/v1/users/" for ::1 at 2024-10-23 14:06:49 +0900
  [1m[36mActiveRecord::SchemaMigration Load (0.1ms)[0m  [1m[34mSELECT "schema_migrations"."version" FROM "schema_migrations" ORDER BY "schema_migrations"."version" ASC[0m
Processing by Api::V1::UsersController#index as */*
Completed 500 Internal Server Error in 6ms (ActiveRecord: 0.0ms (0 queries, 0 cached) | GC: 0.0ms)


  
LoadError (cannot load such file -- bcrypt):
  
app/models/user.rb:2:in `<class:User>'
app/models/user.rb:1:in `<main>'
app/controllers/api/v1/users_controller.rb:9:in `index'
Started GET "/api/v1/users/" for ::1 at 2024-10-23 14:07:36 +0900
Processing by Api::V1::UsersController#index as */*
Completed 500 Internal Server Error in 5ms (ActiveRecord: 0.0ms (0 queries, 0 cached) | GC: 0.0ms)


  
LoadError (cannot load such file -- bcrypt):
  
app/models/user.rb:2:in `<class:User>'
app/models/user.rb:1:in `<main>'
app/controllers/api/v1/users_controller.rb:9:in `index'
Started GET "/api/v1/users/" for ::1 at 2024-10-24 09:49:29 +0900
  [1m[36mActiveRecord::SchemaMigration Load (0.1ms)[0m  [1m[34mSELECT "schema_migrations"."version" FROM "schema_migrations" ORDER BY "schema_migrations"."version" ASC[0m
Processing by Api::V1::UsersController#index as */*
  [1m[36mUser Load (0.8ms)[0m  [1m[34mSELECT "users".* FROM "users"[0m
  ↳ app/controllers/api/v1/users_controller.rb:10:in `index'
Completed 200 OK in 19ms (Views: 4.4ms | ActiveRecord: 0.9ms (1 query, 0 cached) | GC: 6.0ms)


Started POST "/api/v1/users/" for ::1 at 2024-10-24 09:50:47 +0900
Processing by Api::V1::UsersController#create as */*
  Parameters: {"user"=>{"name"=>"hachiware", "email"=>"[FILTERED]", "password_digest"=>"[FILTERED]", "thumbnail"=>"http://example.com/image.png", "description"=>"最高じゃない？"}}
[31mUnpermitted parameter: :password_digest. Context: { controller: Api::V1::UsersController, action: create, request: #<ActionDispatch::Request:0x000000010ebf8718>, params: {"user"=>{"name"=>"hachiware", "email"=>"[FILTERED]", "password_digest"=>"[FILTERED]", "thumbnail"=>"http://example.com/image.png", "description"=>"最高じゃない？"}, "controller"=>"api/v1/users", "action"=>"create"} }[0m
Completed 422 Unprocessable Content in 5ms (Views: 4.5ms | ActiveRecord: 0.0ms (0 queries, 0 cached) | GC: 0.6ms)


Started POST "/api/v1/users/" for ::1 at 2024-10-24 09:51:03 +0900
Processing by Api::V1::UsersController#create as */*
  Parameters: {"user"=>{"name"=>"hachiware", "email"=>"[FILTERED]", "password_digest"=>"[FILTERED]", "thumbnail"=>"http://example.com/image.png", "description"=>"最高じゃない？"}}
[31mUnpermitted parameter: :password_digest. Context: { controller: Api::V1::UsersController, action: create, request: #<ActionDispatch::Request:0x000000010eb39930>, params: {"user"=>{"name"=>"hachiware", "email"=>"[FILTERED]", "password_digest"=>"[FILTERED]", "thumbnail"=>"http://example.com/image.png", "description"=>"最高じゃない？"}, "controller"=>"api/v1/users", "action"=>"create"} }[0m
Completed 422 Unprocessable Content in 1ms (Views: 0.4ms | ActiveRecord: 0.0ms (0 queries, 0 cached) | GC: 0.0ms)


Started POST "/api/v1/users/" for ::1 at 2024-10-24 09:52:54 +0900
Processing by Api::V1::UsersController#create as */*
  Parameters: {"user"=>{"name"=>"hachiware", "email"=>"[FILTERED]", "password_digest"=>"[FILTERED]", "thumbnail"=>"http://example.com/image.png", "description"=>"最高じゃない？"}}
[31mUnpermitted parameter: :password_digest. Context: { controller: Api::V1::UsersController, action: create, request: #<ActionDispatch::Request:0x000000010b6fd2c0>, params: {"user"=>{"name"=>"hachiware", "email"=>"[FILTERED]", "password_digest"=>"[FILTERED]", "thumbnail"=>"http://example.com/image.png", "description"=>"最高じゃない？"}, "controller"=>"api/v1/users", "action"=>"create"} }[0m
  [1m[36mTRANSACTION (0.0ms)[0m  [1m[36mbegin transaction[0m
  ↳ app/controllers/api/v1/users_controller.rb:22:in `create'
  [1m[36mUser Exists? (0.9ms)[0m  [1m[34mSELECT 1 AS one FROM "users" WHERE "users"."email" = ? LIMIT ?[0m  [["email", "[FILTERED]"], ["LIMIT", 1]]
  ↳ app/controllers/api/v1/users_controller.rb:22:in `create'
  [1m[36mTRANSACTION (0.0ms)[0m  [1m[31mrollback transaction[0m
  ↳ app/controllers/api/v1/users_controller.rb:22:in `create'
Completed 422 Unprocessable Content in 13ms (Views: 0.4ms | ActiveRecord: 1.8ms (1 query, 0 cached) | GC: 5.5ms)


Started POST "/api/v1/users/" for ::1 at 2024-10-24 09:53:27 +0900
Processing by Api::V1::UsersController#create as */*
  Parameters: {"user"=>{"name"=>"hachiware", "email"=>"[FILTERED]", "password_digest"=>"[FILTERED]", "thumbnail"=>"http://example.com/image.png", "description"=>"最高じゃない？"}}
[31mUnpermitted parameter: :password_digest. Context: { controller: Api::V1::UsersController, action: create, request: #<ActionDispatch::Request:0x000000010edb80d0>, params: {"user"=>{"name"=>"hachiware", "email"=>"[FILTERED]", "password_digest"=>"[FILTERED]", "thumbnail"=>"http://example.com/image.png", "description"=>"最高じゃない？"}, "controller"=>"api/v1/users", "action"=>"create"} }[0m
  [1m[36mTRANSACTION (0.0ms)[0m  [1m[36mbegin transaction[0m
  ↳ app/controllers/api/v1/users_controller.rb:22:in `create'
  [1m[36mUser Exists? (0.5ms)[0m  [1m[34mSELECT 1 AS one FROM "users" WHERE "users"."email" = ? LIMIT ?[0m  [["email", "[FILTERED]"], ["LIMIT", 1]]
  ↳ app/controllers/api/v1/users_controller.rb:22:in `create'
  [1m[36mTRANSACTION (0.0ms)[0m  [1m[31mrollback transaction[0m
  ↳ app/controllers/api/v1/users_controller.rb:22:in `create'
Completed 422 Unprocessable Content in 2ms (Views: 0.3ms | ActiveRecord: 0.6ms (1 query, 0 cached) | GC: 0.2ms)


Started POST "/api/v1/users/" for ::1 at 2024-10-24 09:54:19 +0900
Processing by Api::V1::UsersController#create as */*
  Parameters: {"user"=>{"name"=>"hachiware", "email"=>"[FILTERED]", "password"=>"[FILTERED]", "thumbnail"=>"http://example.com/image.png", "description"=>"最高じゃない？"}}
  [1m[36mTRANSACTION (0.0ms)[0m  [1m[36mbegin transaction[0m
  ↳ app/controllers/api/v1/users_controller.rb:22:in `create'
  [1m[36mUser Exists? (0.8ms)[0m  [1m[34mSELECT 1 AS one FROM "users" WHERE "users"."email" = ? LIMIT ?[0m  [["email", "[FILTERED]"], ["LIMIT", 1]]
  ↳ app/controllers/api/v1/users_controller.rb:22:in `create'
  [1m[36mUser Create (0.1ms)[0m  [1m[32mINSERT INTO "users" ("name", "email", "password_digest", "thumbnail", "description", "created_at", "updated_at") VALUES (?, ?, ?, ?, ?, ?, ?) RETURNING "id"[0m  [["name", "hachiware"], ["email", "[FILTERED]"], ["password_digest", "[FILTERED]"], ["thumbnail", "http://example.com/image.png"], ["description", "最高じゃない？"], ["created_at", "2024-10-24 00:54:19.765127"], ["updated_at", "2024-10-24 00:54:19.765127"]]
  ↳ app/controllers/api/v1/users_controller.rb:22:in `create'
  [1m[36mTRANSACTION (0.7ms)[0m  [1m[36mcommit transaction[0m
  ↳ app/controllers/api/v1/users_controller.rb:22:in `create'
Completed 201 Created in 276ms (Views: 0.1ms | ActiveRecord: 1.5ms (2 queries, 0 cached) | GC: 0.5ms)


Started GET "/api/v1/users/3" for ::1 at 2024-10-24 10:00:04 +0900
Processing by Api::V1::UsersController#show as */*
  Parameters: {"id"=>"3"}
  [1m[36mUser Load (0.7ms)[0m  [1m[34mSELECT "users".* FROM "users" WHERE "users"."id" = ? LIMIT ?[0m  [["id", 3], ["LIMIT", 1]]
  ↳ app/controllers/api/v1/users_controller.rb:48:in `set_user'
Completed 200 OK in 2ms (Views: 0.2ms | ActiveRecord: 0.7ms (1 query, 0 cached) | GC: 0.0ms)


Started PUT "/api/v1/users/3" for ::1 at 2024-10-24 10:00:29 +0900
Processing by Api::V1::UsersController#update as */*
  Parameters: {"user"=>{"name"=>"hachiware", "email"=>"[FILTERED]", "password"=>"[FILTERED]", "thumbnail"=>"http://example.com/image.png", "description"=>"最高じゃない!!!!"}, "id"=>"3"}
  [1m[36mUser Load (0.1ms)[0m  [1m[34mSELECT "users".* FROM "users" WHERE "users"."id" = ? LIMIT ?[0m  [["id", 3], ["LIMIT", 1]]
  ↳ app/controllers/api/v1/users_controller.rb:48:in `set_user'
  [1m[36mTRANSACTION (0.1ms)[0m  [1m[36mbegin transaction[0m
  ↳ app/controllers/api/v1/users_controller.rb:31:in `update'
  [1m[36mUser Exists? (0.1ms)[0m  [1m[34mSELECT 1 AS one FROM "users" WHERE "users"."email" = ? AND "users"."id" != ? LIMIT ?[0m  [["email", "[FILTERED]"], ["id", 3], ["LIMIT", 1]]
  ↳ app/controllers/api/v1/users_controller.rb:31:in `update'
  [1m[36mUser Update (0.1ms)[0m  [1m[33mUPDATE "users" SET "password_digest" = ?, "description" = ?, "updated_at" = ? WHERE "users"."id" = ?[0m  [["password_digest", "[FILTERED]"], ["description", "最高じゃない!!!!"], ["updated_at", "2024-10-24 01:00:29.383248"], ["id", 3]]
  ↳ app/controllers/api/v1/users_controller.rb:31:in `update'
  [1m[36mTRANSACTION (0.7ms)[0m  [1m[36mcommit transaction[0m
  ↳ app/controllers/api/v1/users_controller.rb:31:in `update'
Completed 200 OK in 277ms (Views: 0.1ms | ActiveRecord: 2.3ms (3 queries, 0 cached) | GC: 0.7ms)


Started POST "/api/v1/users/" for ::1 at 2024-10-24 10:01:59 +0900
Processing by Api::V1::UsersController#create as */*
  Parameters: {"user"=>{"name"=>"test", "email"=>"[FILTERED]", "password"=>"[FILTERED]", "thumbnail"=>"http://example.com/image.png", "description"=>"あとで削除します"}}
  [1m[36mTRANSACTION (0.0ms)[0m  [1m[36mbegin transaction[0m
  ↳ app/controllers/api/v1/users_controller.rb:22:in `create'
  [1m[36mUser Exists? (0.8ms)[0m  [1m[34mSELECT 1 AS one FROM "users" WHERE "users"."email" = ? LIMIT ?[0m  [["email", "[FILTERED]"], ["LIMIT", 1]]
  ↳ app/controllers/api/v1/users_controller.rb:22:in `create'
  [1m[36mUser Create (0.1ms)[0m  [1m[32mINSERT INTO "users" ("name", "email", "password_digest", "thumbnail", "description", "created_at", "updated_at") VALUES (?, ?, ?, ?, ?, ?, ?) RETURNING "id"[0m  [["name", "test"], ["email", "[FILTERED]"], ["password_digest", "[FILTERED]"], ["thumbnail", "http://example.com/image.png"], ["description", "あとで削除します"], ["created_at", "2024-10-24 01:01:59.680705"], ["updated_at", "2024-10-24 01:01:59.680705"]]
  ↳ app/controllers/api/v1/users_controller.rb:22:in `create'
  [1m[36mTRANSACTION (0.1ms)[0m  [1m[36mcommit transaction[0m
  ↳ app/controllers/api/v1/users_controller.rb:22:in `create'
Completed 201 Created in 270ms (Views: 0.1ms | ActiveRecord: 0.9ms (2 queries, 0 cached) | GC: 0.3ms)


Started GET "/api/v1/users/4" for ::1 at 2024-10-24 10:02:06 +0900
Processing by Api::V1::UsersController#show as */*
  Parameters: {"id"=>"4"}
  [1m[36mUser Load (0.1ms)[0m  [1m[34mSELECT "users".* FROM "users" WHERE "users"."id" = ? LIMIT ?[0m  [["id", 4], ["LIMIT", 1]]
  ↳ app/controllers/api/v1/users_controller.rb:48:in `set_user'
Completed 200 OK in 1ms (Views: 0.1ms | ActiveRecord: 0.1ms (1 query, 0 cached) | GC: 0.0ms)


Started DELETE "/api/v1/users/4" for ::1 at 2024-10-24 10:03:04 +0900
Processing by Api::V1::UsersController#destroy as */*
  Parameters: {"user"=>{"name"=>"hachiware!!", "email"=>"[FILTERED]", "thumbnail"=>"###", "description"=>"最高じゃない？"}, "id"=>"4"}
  [1m[36mUser Load (0.2ms)[0m  [1m[34mSELECT "users".* FROM "users" WHERE "users"."id" = ? LIMIT ?[0m  [["id", 4], ["LIMIT", 1]]
  ↳ app/controllers/api/v1/users_controller.rb:48:in `set_user'
  [1m[36mTRANSACTION (0.1ms)[0m  [1m[36mbegin transaction[0m
  ↳ app/controllers/api/v1/users_controller.rb:40:in `destroy'
  [1m[36mUser Destroy (0.9ms)[0m  [1m[31mDELETE FROM "users" WHERE "users"."id" = ?[0m  [["id", 4]]
  ↳ app/controllers/api/v1/users_controller.rb:40:in `destroy'
  [1m[36mTRANSACTION (0.0ms)[0m  [1m[36mcommit transaction[0m
  ↳ app/controllers/api/v1/users_controller.rb:40:in `destroy'
Completed 204 No Content in 3ms (ActiveRecord: 1.2ms (2 queries, 0 cached) | GC: 0.0ms)


Started GET "/api/v1/users/" for ::1 at 2024-10-24 10:03:16 +0900
Processing by Api::V1::UsersController#index as */*
  [1m[36mUser Load (0.1ms)[0m  [1m[34mSELECT "users".* FROM "users"[0m
  ↳ app/controllers/api/v1/users_controller.rb:10:in `index'
Completed 200 OK in 1ms (Views: 0.7ms | ActiveRecord: 0.1ms (1 query, 0 cached) | GC: 0.0ms)


Started GET "/api/v1/users/" for ::1 at 2024-10-24 10:50:05 +0900
Processing by Api::V1::UsersController#index as */*
  [1m[36mUser Load (1.6ms)[0m  [1m[34mSELECT "users".* FROM "users"[0m
  ↳ app/controllers/api/v1/users_controller.rb:10:in `index'
Completed 200 OK in 3ms (Views: 1.2ms | ActiveRecord: 1.6ms (1 query, 0 cached) | GC: 0.0ms)


Started GET "/api/v1/users" for ::1 at 2024-10-24 10:51:25 +0900
Processing by Api::V1::UsersController#index as */*
  [1m[36mUser Load (0.1ms)[0m  [1m[34mSELECT "users".* FROM "users"[0m
  ↳ app/controllers/api/v1/users_controller.rb:10:in `index'
Completed 200 OK in 2ms (Views: 1.7ms | ActiveRecord: 0.0ms (1 query, 0 cached) | GC: 0.0ms)


Started GET "/api/v1/users" for ::1 at 2024-10-24 10:51:55 +0900
Processing by Api::V1::UsersController#index as */*
  [1m[36mUser Load (0.1ms)[0m  [1m[34mSELECT "users".* FROM "users"[0m
  ↳ app/controllers/api/v1/users_controller.rb:10:in `index'
Completed 200 OK in 2ms (Views: 1.8ms | ActiveRecord: 0.1ms (1 query, 0 cached) | GC: 0.0ms)


Started GET "/api/v1/users" for ::1 at 2024-10-24 10:53:03 +0900
Processing by Api::V1::UsersController#index as */*
  [1m[36mUser Load (0.1ms)[0m  [1m[34mSELECT "users".* FROM "users"[0m
  ↳ app/controllers/api/v1/users_controller.rb:10:in `index'
Completed 200 OK in 1ms (Views: 0.7ms | ActiveRecord: 0.1ms (1 query, 0 cached) | GC: 0.0ms)


Started GET "/api/v1/users" for ::1 at 2024-10-24 10:54:22 +0900
Processing by Api::V1::UsersController#index as */*
  [1m[36mUser Load (0.1ms)[0m  [1m[34mSELECT "users".* FROM "users"[0m
  ↳ app/controllers/api/v1/users_controller.rb:10:in `index'
Completed 200 OK in 1ms (Views: 0.8ms | ActiveRecord: 0.0ms (1 query, 0 cached) | GC: 0.0ms)


Started GET "/api/v1/users" for ::1 at 2024-10-24 10:54:46 +0900
Processing by Api::V1::UsersController#index as */*
  [1m[36mUser Load (0.1ms)[0m  [1m[34mSELECT "users".* FROM "users"[0m
  ↳ app/controllers/api/v1/users_controller.rb:10:in `index'
Completed 200 OK in 1ms (Views: 0.7ms | ActiveRecord: 0.1ms (1 query, 0 cached) | GC: 0.0ms)


Started GET "/api/v1/users" for ::1 at 2024-10-24 10:55:42 +0900
Processing by Api::V1::UsersController#index as */*
  [1m[36mUser Load (0.1ms)[0m  [1m[34mSELECT "users".* FROM "users"[0m
  ↳ app/controllers/api/v1/users_controller.rb:10:in `index'
Completed 200 OK in 1ms (Views: 0.7ms | ActiveRecord: 0.0ms (1 query, 0 cached) | GC: 0.0ms)


Started GET "/api/v1/users" for ::1 at 2024-10-24 10:55:46 +0900
Processing by Api::V1::UsersController#index as */*
  [1m[36mUser Load (0.1ms)[0m  [1m[34mSELECT "users".* FROM "users"[0m
  ↳ app/controllers/api/v1/users_controller.rb:10:in `index'
Completed 200 OK in 1ms (Views: 1.0ms | ActiveRecord: 0.1ms (1 query, 0 cached) | GC: 0.0ms)


Started GET "/api/v1/users" for ::1 at 2024-10-24 10:56:00 +0900
Processing by Api::V1::UsersController#index as */*
  [1m[36mUser Load (0.1ms)[0m  [1m[34mSELECT "users".* FROM "users"[0m
  ↳ app/controllers/api/v1/users_controller.rb:10:in `index'
Completed 200 OK in 1ms (Views: 0.9ms | ActiveRecord: 0.1ms (1 query, 0 cached) | GC: 0.0ms)


Started GET "/api/v1/users" for ::1 at 2024-10-24 10:57:52 +0900
Processing by Api::V1::UsersController#index as */*
  [1m[36mUser Load (0.1ms)[0m  [1m[34mSELECT "users".* FROM "users"[0m
  ↳ app/controllers/api/v1/users_controller.rb:10:in `index'
Completed 200 OK in 1ms (Views: 0.7ms | ActiveRecord: 0.1ms (1 query, 0 cached) | GC: 0.0ms)


Started GET "/api/v1/users" for ::1 at 2024-10-24 10:58:03 +0900
Processing by Api::V1::UsersController#index as */*
  [1m[36mUser Load (0.1ms)[0m  [1m[34mSELECT "users".* FROM "users"[0m
  ↳ app/controllers/api/v1/users_controller.rb:10:in `index'
Completed 200 OK in 1ms (Views: 0.7ms | ActiveRecord: 0.0ms (1 query, 0 cached) | GC: 0.0ms)


Started GET "/api/v1/users" for ::1 at 2024-10-24 10:58:23 +0900
Processing by Api::V1::UsersController#index as */*
  [1m[36mUser Load (0.1ms)[0m  [1m[34mSELECT "users".* FROM "users"[0m
  ↳ app/controllers/api/v1/users_controller.rb:10:in `index'
Completed 200 OK in 2ms (Views: 1.7ms | ActiveRecord: 0.0ms (1 query, 0 cached) | GC: 0.0ms)


Started GET "/api/v1/users" for ::1 at 2024-10-24 10:59:24 +0900
Processing by Api::V1::UsersController#index as */*
  [1m[36mUser Load (0.1ms)[0m  [1m[34mSELECT "users".* FROM "users"[0m
  ↳ app/controllers/api/v1/users_controller.rb:10:in `index'
Completed 200 OK in 2ms (Views: 1.5ms | ActiveRecord: 0.1ms (1 query, 0 cached) | GC: 0.0ms)


Started GET "/api/v1/users/" for ::1 at 2024-10-24 17:16:00 +0900
Processing by Api::V1::UsersController#index as */*
  [1m[36mUser Load (1.3ms)[0m  [1m[34mSELECT "users".* FROM "users"[0m
  ↳ app/controllers/api/v1/users_controller.rb:10:in `index'
Completed 200 OK in 2ms (Views: 0.9ms | ActiveRecord: 1.3ms (1 query, 0 cached) | GC: 0.0ms)


Started GET "/api/v1/users" for ::1 at 2024-10-24 17:17:17 +0900
Processing by Api::V1::UsersController#index as */*
  [1m[36mUser Load (0.1ms)[0m  [1m[34mSELECT "users".* FROM "users"[0m
  ↳ app/controllers/api/v1/users_controller.rb:10:in `index'
Completed 200 OK in 1ms (Views: 0.7ms | ActiveRecord: 0.1ms (1 query, 0 cached) | GC: 0.0ms)


Started GET "/" for 127.0.0.1 at 2024-10-24 17:17:45 +0900
  [1m[36mActiveRecord::SchemaMigration Load (0.1ms)[0m  [1m[34mSELECT "schema_migrations"."version" FROM "schema_migrations" ORDER BY "schema_migrations"."version" ASC[0m
Processing by Rails::WelcomeController#index as HTML
  Rendering /Users/makotoagawa/.rbenv/versions/3.2.4/lib/ruby/gems/3.2.0/gems/railties-7.2.1.1/lib/rails/templates/rails/welcome/index.html.erb
  Rendered /Users/makotoagawa/.rbenv/versions/3.2.4/lib/ruby/gems/3.2.0/gems/railties-7.2.1.1/lib/rails/templates/rails/welcome/index.html.erb (Duration: 0.5ms | GC: 0.0ms)
Completed 200 OK in 7ms (Views: 2.3ms | ActiveRecord: 0.0ms (0 queries, 0 cached) | GC: 0.0ms)


Started GET "/icon.png" for 127.0.0.1 at 2024-10-24 17:17:45 +0900
  
ActionController::RoutingError (No route matches [GET] "/icon.png"):
  
Started GET "/api/v1/users" for ::1 at 2024-10-24 17:17:54 +0900
Processing by Api::V1::UsersController#index as */*
  [1m[36mUser Load (0.6ms)[0m  [1m[34mSELECT "users".* FROM "users"[0m
  ↳ app/controllers/api/v1/users_controller.rb:10:in `index'
Completed 200 OK in 19ms (Views: 5.0ms | ActiveRecord: 0.8ms (1 query, 0 cached) | GC: 6.9ms)


Started GET "/api/v1/users" for ::1 at 2024-10-24 17:25:27 +0900
Processing by Api::V1::UsersController#index as */*
  [1m[36mUser Load (1.9ms)[0m  [1m[34mSELECT "users".* FROM "users"[0m
  ↳ app/controllers/api/v1/users_controller.rb:10:in `index'
Completed 200 OK in 4ms (Views: 1.9ms | ActiveRecord: 1.9ms (1 query, 0 cached) | GC: 0.6ms)


Started GET "/api/v1/users" for ::1 at 2024-10-24 17:28:18 +0900
Processing by Api::V1::UsersController#index as */*
  [1m[36mUser Load (0.1ms)[0m  [1m[34mSELECT "users".* FROM "users"[0m
  ↳ app/controllers/api/v1/users_controller.rb:10:in `index'
Completed 200 OK in 1ms (Views: 0.9ms | ActiveRecord: 0.1ms (1 query, 0 cached) | GC: 0.0ms)


Started GET "/api/v1/users" for ::1 at 2024-10-24 17:28:39 +0900
Processing by Api::V1::UsersController#index as */*
  [1m[36mUser Load (0.0ms)[0m  [1m[34mSELECT "users".* FROM "users"[0m
  ↳ app/controllers/api/v1/users_controller.rb:10:in `index'
Completed 200 OK in 1ms (Views: 0.7ms | ActiveRecord: 0.0ms (1 query, 0 cached) | GC: 0.0ms)


Started GET "/api/v1/users" for ::1 at 2024-10-24 17:28:41 +0900
Processing by Api::V1::UsersController#index as */*
  [1m[36mUser Load (0.0ms)[0m  [1m[34mSELECT "users".* FROM "users"[0m
  ↳ app/controllers/api/v1/users_controller.rb:10:in `index'
Completed 200 OK in 1ms (Views: 1.0ms | ActiveRecord: 0.0ms (1 query, 0 cached) | GC: 0.4ms)


Started GET "/api/v1/users" for ::1 at 2024-10-24 17:32:35 +0900
Processing by Api::V1::UsersController#index as */*
  [1m[36mUser Load (0.1ms)[0m  [1m[34mSELECT "users".* FROM "users"[0m
  ↳ app/controllers/api/v1/users_controller.rb:10:in `index'
Completed 200 OK in 1ms (Views: 1.1ms | ActiveRecord: 0.1ms (1 query, 0 cached) | GC: 0.0ms)


Started GET "/api/v1/" for ::1 at 2024-10-24 17:35:20 +0900
  
ActionController::RoutingError (No route matches [GET] "/api/v1"):
  
Started GET "/api/v1//users" for ::1 at 2024-10-24 17:35:27 +0900
Started GET "/api/v1/" for ::1 at 2024-10-24 17:35:27 +0900
  
ActionController::RoutingError (No route matches [GET] "/api/v1"):
  
Processing by Api::V1::UsersController#index as */*
  [1m[36mUser Load (0.1ms)[0m  [1m[34mSELECT "users".* FROM "users"[0m
  ↳ app/controllers/api/v1/users_controller.rb:10:in `index'
Completed 200 OK in 1ms (Views: 0.9ms | ActiveRecord: 0.1ms (1 query, 0 cached) | GC: 0.0ms)


Started GET "/articles/1" for ::1 at 2024-10-25 09:57:53 +0900
  
ActionController::RoutingError (No route matches [GET] "/articles/1"):
  
Started GET "/favicon.ico" for ::1 at 2024-10-25 09:57:53 +0900
  
ActionController::RoutingError (No route matches [GET] "/favicon.ico"):
  
Started GET "/" for ::1 at 2024-10-25 09:57:58 +0900
Processing by Rails::WelcomeController#index as HTML
  Rendering /Users/makotoagawa/.rbenv/versions/3.2.4/lib/ruby/gems/3.2.0/gems/railties-7.2.1.1/lib/rails/templates/rails/welcome/index.html.erb
  Rendered /Users/makotoagawa/.rbenv/versions/3.2.4/lib/ruby/gems/3.2.0/gems/railties-7.2.1.1/lib/rails/templates/rails/welcome/index.html.erb (Duration: 0.1ms | GC: 0.0ms)
Completed 200 OK in 0ms (Views: 0.2ms | ActiveRecord: 0.0ms (0 queries, 0 cached) | GC: 0.0ms)


Started GET "/icon.png" for ::1 at 2024-10-25 09:57:58 +0900
  
ActionController::RoutingError (No route matches [GET] "/icon.png"):
  
Started GET "/api/v1/users/" for ::1 at 2024-10-25 09:58:13 +0900
Processing by Api::V1::UsersController#index as */*
  [1m[36mUser Load (2.5ms)[0m  [1m[34mSELECT "users".* FROM "users"[0m
  ↳ app/controllers/api/v1/users_controller.rb:10:in `index'
Completed 200 OK in 3ms (Views: 0.9ms | ActiveRecord: 2.5ms (1 query, 0 cached) | GC: 0.0ms)


Started GET "/api/v1/users/2" for ::1 at 2024-10-25 09:58:21 +0900
Processing by Api::V1::UsersController#show as */*
  Parameters: {"id"=>"2"}
  [1m[36mUser Load (0.1ms)[0m  [1m[34mSELECT "users".* FROM "users" WHERE "users"."id" = ? LIMIT ?[0m  [["id", 2], ["LIMIT", 1]]
  ↳ app/controllers/api/v1/users_controller.rb:48:in `set_user'
Completed 200 OK in 3ms (Views: 0.2ms | ActiveRecord: 0.1ms (1 query, 0 cached) | GC: 0.0ms)


Started GET "/api/v1//users" for ::1 at 2024-10-25 10:03:36 +0900
Processing by Api::V1::UsersController#index as */*
  [1m[36mUser Load (0.1ms)[0m  [1m[34mSELECT "users".* FROM "users"[0m
  ↳ app/controllers/api/v1/users_controller.rb:10:in `index'
Completed 200 OK in 2ms (Views: 1.4ms | ActiveRecord: 0.1ms (1 query, 0 cached) | GC: 0.0ms)


Started GET "/api/v1//users" for ::1 at 2024-10-25 10:03:43 +0900
Processing by Api::V1::UsersController#index as */*
  [1m[36mUser Load (0.1ms)[0m  [1m[34mSELECT "users".* FROM "users"[0m
  ↳ app/controllers/api/v1/users_controller.rb:10:in `index'
Completed 200 OK in 2ms (Views: 2.2ms | ActiveRecord: 0.1ms (1 query, 0 cached) | GC: 0.0ms)


Started GET "/api/v1/users" for ::1 at 2024-10-25 10:04:05 +0900
Processing by Api::V1::UsersController#index as */*
  [1m[36mUser Load (0.1ms)[0m  [1m[34mSELECT "users".* FROM "users"[0m
  ↳ app/controllers/api/v1/users_controller.rb:10:in `index'
Completed 200 OK in 1ms (Views: 0.7ms | ActiveRecord: 0.1ms (1 query, 0 cached) | GC: 0.0ms)


Started GET "/api/v1/users" for ::1 at 2024-10-25 10:04:07 +0900
Processing by Api::V1::UsersController#index as */*
  [1m[36mUser Load (0.1ms)[0m  [1m[34mSELECT "users".* FROM "users"[0m
  ↳ app/controllers/api/v1/users_controller.rb:10:in `index'
Completed 200 OK in 1ms (Views: 0.7ms | ActiveRecord: 0.1ms (1 query, 0 cached) | GC: 0.0ms)


Started GET "/api/v1/users" for ::1 at 2024-10-25 10:06:58 +0900
  [1m[36mActiveRecord::SchemaMigration Load (0.1ms)[0m  [1m[34mSELECT "schema_migrations"."version" FROM "schema_migrations" ORDER BY "schema_migrations"."version" ASC[0m
Processing by Api::V1::UsersController#index as */*
  [1m[36mUser Load (0.6ms)[0m  [1m[34mSELECT "users".* FROM "users"[0m
  ↳ app/controllers/api/v1/users_controller.rb:10:in `index'
Completed 200 OK in 22ms (Views: 4.9ms | ActiveRecord: 0.8ms (1 query, 0 cached) | GC: 6.8ms)


Started GET "/api/v1/users" for ::1 at 2024-10-25 10:12:25 +0900
Processing by Api::V1::UsersController#index as */*
  [1m[36mUser Load (0.1ms)[0m  [1m[34mSELECT "users".* FROM "users"[0m
  ↳ app/controllers/api/v1/users_controller.rb:10:in `index'
Completed 200 OK in 1ms (Views: 1.1ms | ActiveRecord: 0.1ms (1 query, 0 cached) | GC: 0.0ms)


Started GET "/api/v1/users" for ::1 at 2024-10-25 10:12:26 +0900
Processing by Api::V1::UsersController#index as */*
  [1m[36mUser Load (0.0ms)[0m  [1m[34mSELECT "users".* FROM "users"[0m
  ↳ app/controllers/api/v1/users_controller.rb:10:in `index'
Completed 200 OK in 1ms (Views: 0.6ms | ActiveRecord: 0.0ms (1 query, 0 cached) | GC: 0.0ms)


Started GET "/api/v1/users" for ::1 at 2024-10-25 10:12:33 +0900
Processing by Api::V1::UsersController#index as */*
  [1m[36mUser Load (0.1ms)[0m  [1m[34mSELECT "users".* FROM "users"[0m
  ↳ app/controllers/api/v1/users_controller.rb:10:in `index'
Completed 200 OK in 1ms (Views: 1.1ms | ActiveRecord: 0.0ms (1 query, 0 cached) | GC: 0.4ms)


Started GET "/api/v1/users" for ::1 at 2024-10-25 10:12:34 +0900
Processing by Api::V1::UsersController#index as */*
  [1m[36mUser Load (0.1ms)[0m  [1m[34mSELECT "users".* FROM "users"[0m
  ↳ app/controllers/api/v1/users_controller.rb:10:in `index'
Completed 200 OK in 2ms (Views: 1.9ms | ActiveRecord: 0.1ms (1 query, 0 cached) | GC: 0.5ms)


Started GET "/api/v1/users" for ::1 at 2024-10-25 10:12:36 +0900
Processing by Api::V1::UsersController#index as */*
  [1m[36mUser Load (0.1ms)[0m  [1m[34mSELECT "users".* FROM "users"[0m
  ↳ app/controllers/api/v1/users_controller.rb:10:in `index'
Completed 200 OK in 1ms (Views: 1.1ms | ActiveRecord: 0.0ms (1 query, 0 cached) | GC: 0.4ms)


Started GET "/api/v1/users" for ::1 at 2024-10-25 10:12:56 +0900
Processing by Api::V1::UsersController#index as */*
  [1m[36mUser Load (0.1ms)[0m  [1m[34mSELECT "users".* FROM "users"[0m
  ↳ app/controllers/api/v1/users_controller.rb:10:in `index'
Completed 200 OK in 3ms (Views: 2.5ms | ActiveRecord: 0.1ms (1 query, 0 cached) | GC: 0.5ms)


Started GET "/api/v1/users" for ::1 at 2024-10-25 10:13:26 +0900
Processing by Api::V1::UsersController#index as */*
  [1m[36mUser Load (0.0ms)[0m  [1m[34mSELECT "users".* FROM "users"[0m
  ↳ app/controllers/api/v1/users_controller.rb:10:in `index'
Completed 200 OK in 1ms (Views: 1.0ms | ActiveRecord: 0.0ms (1 query, 0 cached) | GC: 0.3ms)


Started GET "/api/v1/users" for ::1 at 2024-10-25 10:14:00 +0900
Processing by Api::V1::UsersController#index as */*
  [1m[36mUser Load (0.1ms)[0m  [1m[34mSELECT "users".* FROM "users"[0m
  ↳ app/controllers/api/v1/users_controller.rb:10:in `index'
Completed 200 OK in 2ms (Views: 1.6ms | ActiveRecord: 0.1ms (1 query, 0 cached) | GC: 0.4ms)


Started GET "/api/v1/users" for ::1 at 2024-10-25 10:14:02 +0900
Processing by Api::V1::UsersController#index as */*
  [1m[36mUser Load (0.1ms)[0m  [1m[34mSELECT "users".* FROM "users"[0m
  ↳ app/controllers/api/v1/users_controller.rb:10:in `index'
Completed 200 OK in 2ms (Views: 1.6ms | ActiveRecord: 0.1ms (1 query, 0 cached) | GC: 0.1ms)


Started GET "/api/v1/users" for ::1 at 2024-10-25 10:14:28 +0900
Processing by Api::V1::UsersController#index as */*
  [1m[36mUser Load (0.1ms)[0m  [1m[34mSELECT "users".* FROM "users"[0m
  ↳ app/controllers/api/v1/users_controller.rb:10:in `index'
Completed 200 OK in 5ms (Views: 4.8ms | ActiveRecord: 0.1ms (1 query, 0 cached) | GC: 2.2ms)


Started GET "/api/v1/users" for ::1 at 2024-10-25 10:14:37 +0900
Processing by Api::V1::UsersController#index as */*
  [1m[36mUser Load (0.1ms)[0m  [1m[34mSELECT "users".* FROM "users"[0m
  ↳ app/controllers/api/v1/users_controller.rb:10:in `index'
Completed 200 OK in 1ms (Views: 0.7ms | ActiveRecord: 0.0ms (1 query, 0 cached) | GC: 0.0ms)


Started GET "/api/v1/users/1" for ::1 at 2024-10-25 10:14:40 +0900
Processing by Api::V1::UsersController#show as HTML
  Parameters: {"id"=>"1"}
  [1m[36mUser Load (0.1ms)[0m  [1m[34mSELECT "users".* FROM "users" WHERE "users"."id" = ? LIMIT ?[0m  [["id", 1], ["LIMIT", 1]]
  ↳ app/controllers/api/v1/users_controller.rb:48:in `set_user'
Completed 200 OK in 11ms (Views: 0.2ms | ActiveRecord: 0.1ms (1 query, 0 cached) | GC: 0.7ms)


Started GET "/favicon.ico" for ::1 at 2024-10-25 10:14:40 +0900
  
ActionController::RoutingError (No route matches [GET] "/favicon.ico"):
  
Started GET "/api/v1/users" for ::1 at 2024-10-25 10:17:54 +0900
Processing by Api::V1::UsersController#index as */*
  [1m[36mUser Load (0.1ms)[0m  [1m[34mSELECT "users".* FROM "users"[0m
  ↳ app/controllers/api/v1/users_controller.rb:10:in `index'
Completed 200 OK in 2ms (Views: 1.3ms | ActiveRecord: 0.1ms (1 query, 0 cached) | GC: 0.0ms)


Started GET "/api/v1/users/1" for ::1 at 2024-10-25 10:19:14 +0900
Processing by Api::V1::UsersController#show as HTML
  Parameters: {"id"=>"1"}
  [1m[36mUser Load (0.2ms)[0m  [1m[34mSELECT "users".* FROM "users" WHERE "users"."id" = ? LIMIT ?[0m  [["id", 1], ["LIMIT", 1]]
  ↳ app/controllers/api/v1/users_controller.rb:48:in `set_user'
Completed 200 OK in 2ms (Views: 0.3ms | ActiveRecord: 0.2ms (1 query, 0 cached) | GC: 0.0ms)


Started GET "/api/v1/users/1" for ::1 at 2024-10-25 10:44:01 +0900
Processing by Api::V1::UsersController#show as HTML
  Parameters: {"id"=>"1"}
  [1m[36mUser Load (1.4ms)[0m  [1m[34mSELECT "users".* FROM "users" WHERE "users"."id" = ? LIMIT ?[0m  [["id", 1], ["LIMIT", 1]]
  ↳ app/controllers/api/v1/users_controller.rb:48:in `set_user'
Completed 200 OK in 3ms (Views: 0.4ms | ActiveRecord: 1.4ms (1 query, 0 cached) | GC: 0.0ms)


Started GET "/api/v1/users/2" for ::1 at 2024-10-25 10:44:05 +0900
Processing by Api::V1::UsersController#show as HTML
  Parameters: {"id"=>"2"}
  [1m[36mUser Load (0.1ms)[0m  [1m[34mSELECT "users".* FROM "users" WHERE "users"."id" = ? LIMIT ?[0m  [["id", 2], ["LIMIT", 1]]
  ↳ app/controllers/api/v1/users_controller.rb:48:in `set_user'
Completed 200 OK in 1ms (Views: 0.6ms | ActiveRecord: 0.1ms (1 query, 0 cached) | GC: 0.4ms)


Started GET "/api/v1/users/2" for ::1 at 2024-10-25 10:46:05 +0900
Processing by Api::V1::UsersController#show as HTML
  Parameters: {"id"=>"2"}
  [1m[36mUser Load (0.1ms)[0m  [1m[34mSELECT "users".* FROM "users" WHERE "users"."id" = ? LIMIT ?[0m  [["id", 2], ["LIMIT", 1]]
  ↳ app/controllers/api/v1/users_controller.rb:48:in `set_user'
Completed 200 OK in 1ms (Views: 0.2ms | ActiveRecord: 0.1ms (1 query, 0 cached) | GC: 0.0ms)


Started GET "/api/v1/users/1" for ::1 at 2024-10-25 10:46:16 +0900
Processing by Api::V1::UsersController#show as HTML
  Parameters: {"id"=>"1"}
  [1m[36mUser Load (0.2ms)[0m  [1m[34mSELECT "users".* FROM "users" WHERE "users"."id" = ? LIMIT ?[0m  [["id", 1], ["LIMIT", 1]]
  ↳ app/controllers/api/v1/users_controller.rb:48:in `set_user'
Completed 200 OK in 2ms (Views: 0.4ms | ActiveRecord: 0.2ms (1 query, 0 cached) | GC: 0.0ms)


Started GET "/api/v1/users" for ::1 at 2024-10-25 10:46:38 +0900
Processing by Api::V1::UsersController#index as */*
  [1m[36mUser Load (0.1ms)[0m  [1m[34mSELECT "users".* FROM "users"[0m
  ↳ app/controllers/api/v1/users_controller.rb:10:in `index'
Completed 200 OK in 1ms (Views: 0.7ms | ActiveRecord: 0.1ms (1 query, 0 cached) | GC: 0.0ms)


Started GET "/api/v1/users/1" for ::1 at 2024-10-25 10:46:40 +0900
Processing by Api::V1::UsersController#show as HTML
  Parameters: {"id"=>"1"}
  [1m[36mUser Load (0.1ms)[0m  [1m[34mSELECT "users".* FROM "users" WHERE "users"."id" = ? LIMIT ?[0m  [["id", 1], ["LIMIT", 1]]
  ↳ app/controllers/api/v1/users_controller.rb:48:in `set_user'
Completed 200 OK in 1ms (Views: 0.2ms | ActiveRecord: 0.1ms (1 query, 0 cached) | GC: 0.0ms)


Started GET "/api/v1/users" for ::1 at 2024-10-25 10:49:22 +0900
Processing by Api::V1::UsersController#index as */*
  [1m[36mUser Load (0.1ms)[0m  [1m[34mSELECT "users".* FROM "users"[0m
  ↳ app/controllers/api/v1/users_controller.rb:10:in `index'
Completed 200 OK in 1ms (Views: 1.0ms | ActiveRecord: 0.0ms (1 query, 0 cached) | GC: 0.2ms)


Started GET "/api/v1/users" for ::1 at 2024-10-25 10:49:38 +0900
Processing by Api::V1::UsersController#index as */*
  [1m[36mUser Load (0.1ms)[0m  [1m[34mSELECT "users".* FROM "users"[0m
  ↳ app/controllers/api/v1/users_controller.rb:10:in `index'
Completed 200 OK in 1ms (Views: 0.8ms | ActiveRecord: 0.1ms (1 query, 0 cached) | GC: 0.0ms)


Started GET "/api/v1/users" for ::1 at 2024-10-25 10:49:42 +0900
Processing by Api::V1::UsersController#index as */*
  [1m[36mUser Load (0.1ms)[0m  [1m[34mSELECT "users".* FROM "users"[0m
  ↳ app/controllers/api/v1/users_controller.rb:10:in `index'
Completed 200 OK in 2ms (Views: 1.9ms | ActiveRecord: 0.1ms (1 query, 0 cached) | GC: 0.3ms)


Started GET "/api/v1/users" for ::1 at 2024-10-25 10:49:42 +0900
Processing by Api::V1::UsersController#index as */*
  [1m[36mUser Load (0.1ms)[0m  [1m[34mSELECT "users".* FROM "users"[0m
  ↳ app/controllers/api/v1/users_controller.rb:10:in `index'
Completed 200 OK in 1ms (Views: 0.9ms | ActiveRecord: 0.1ms (1 query, 0 cached) | GC: 0.0ms)


Started GET "/api/v1/users" for ::1 at 2024-10-25 10:49:44 +0900
Processing by Api::V1::UsersController#index as */*
  [1m[36mUser Load (0.1ms)[0m  [1m[34mSELECT "users".* FROM "users"[0m
  ↳ app/controllers/api/v1/users_controller.rb:10:in `index'
Completed 200 OK in 1ms (Views: 1.2ms | ActiveRecord: 0.1ms (1 query, 0 cached) | GC: 0.1ms)


Started GET "/api/v1/users" for ::1 at 2024-10-25 10:49:44 +0900
Processing by Api::V1::UsersController#index as */*
  [1m[36mUser Load (0.0ms)[0m  [1m[34mSELECT "users".* FROM "users"[0m
  ↳ app/controllers/api/v1/users_controller.rb:10:in `index'
Completed 200 OK in 1ms (Views: 0.8ms | ActiveRecord: 0.0ms (1 query, 0 cached) | GC: 0.0ms)


Started GET "/api/v1/users" for ::1 at 2024-10-25 14:45:08 +0900
Processing by Api::V1::UsersController#index as */*
  [1m[36mUser Load (0.9ms)[0m  [1m[34mSELECT "users".* FROM "users"[0m
  ↳ app/controllers/api/v1/users_controller.rb:10:in `index'
Completed 200 OK in 2ms (Views: 0.9ms | ActiveRecord: 0.9ms (1 query, 0 cached) | GC: 0.0ms)


Started GET "/api/v1/users" for ::1 at 2024-10-25 14:45:08 +0900
Processing by Api::V1::UsersController#index as */*
  [1m[36mUser Load (0.1ms)[0m  [1m[34mSELECT "users".* FROM "users"[0m
  ↳ app/controllers/api/v1/users_controller.rb:10:in `index'
Completed 200 OK in 1ms (Views: 0.9ms | ActiveRecord: 0.1ms (1 query, 0 cached) | GC: 0.0ms)


Started GET "/api/v1/users" for ::1 at 2024-10-25 14:45:12 +0900
Processing by Api::V1::UsersController#index as */*
  [1m[36mUser Load (0.1ms)[0m  [1m[34mSELECT "users".* FROM "users"[0m
  ↳ app/controllers/api/v1/users_controller.rb:10:in `index'
Completed 200 OK in 1ms (Views: 1.2ms | ActiveRecord: 0.1ms (1 query, 0 cached) | GC: 0.0ms)


Started GET "/api/v1/users" for ::1 at 2024-10-25 14:45:12 +0900
Processing by Api::V1::UsersController#index as */*
  [1m[36mUser Load (0.1ms)[0m  [1m[34mSELECT "users".* FROM "users"[0m
  ↳ app/controllers/api/v1/users_controller.rb:10:in `index'
Completed 200 OK in 1ms (Views: 1.0ms | ActiveRecord: 0.1ms (1 query, 0 cached) | GC: 0.2ms)


Started GET "/api/v1/users" for ::1 at 2024-10-25 14:45:23 +0900
Processing by Api::V1::UsersController#index as */*
  [1m[36mUser Load (0.1ms)[0m  [1m[34mSELECT "users".* FROM "users"[0m
  ↳ app/controllers/api/v1/users_controller.rb:10:in `index'
Completed 200 OK in 1ms (Views: 1.0ms | ActiveRecord: 0.1ms (1 query, 0 cached) | GC: 0.0ms)


Started GET "/api/v1/users" for ::1 at 2024-10-25 14:45:23 +0900
Processing by Api::V1::UsersController#index as */*
  [1m[36mUser Load (0.1ms)[0m  [1m[34mSELECT "users".* FROM "users"[0m
  ↳ app/controllers/api/v1/users_controller.rb:10:in `index'
Completed 200 OK in 1ms (Views: 1.0ms | ActiveRecord: 0.1ms (1 query, 0 cached) | GC: 0.0ms)


Started GET "/api/v1/users" for ::1 at 2024-10-25 14:46:19 +0900
Processing by Api::V1::UsersController#index as */*
  [1m[36mUser Load (0.1ms)[0m  [1m[34mSELECT "users".* FROM "users"[0m
  ↳ app/controllers/api/v1/users_controller.rb:10:in `index'
Completed 200 OK in 1ms (Views: 1.0ms | ActiveRecord: 0.1ms (1 query, 0 cached) | GC: 0.3ms)


Started GET "/api/v1/users" for ::1 at 2024-10-27 08:07:02 +0900
Processing by Api::V1::UsersController#index as */*
  [1m[36mUser Load (1.8ms)[0m  [1m[34mSELECT "users".* FROM "users"[0m
  ↳ app/controllers/api/v1/users_controller.rb:10:in `index'
Completed 200 OK in 5ms (Views: 2.4ms | ActiveRecord: 1.8ms (1 query, 0 cached) | GC: 0.0ms)


Started GET "/api/v1/users/1" for ::1 at 2024-10-27 08:09:26 +0900
Processing by Api::V1::UsersController#show as */*
  Parameters: {"id"=>"1"}
  [1m[36mUser Load (0.1ms)[0m  [1m[34mSELECT "users".* FROM "users" WHERE "users"."id" = ? LIMIT ?[0m  [["id", 1], ["LIMIT", 1]]
  ↳ app/controllers/api/v1/users_controller.rb:48:in `set_user'
Completed 200 OK in 2ms (Views: 0.2ms | ActiveRecord: 0.1ms (1 query, 0 cached) | GC: 0.0ms)


Started GET "/api/v1/users" for ::1 at 2024-10-27 08:10:56 +0900
Processing by Api::V1::UsersController#index as */*
  [1m[36mUser Load (0.1ms)[0m  [1m[34mSELECT "users".* FROM "users"[0m
  ↳ app/controllers/api/v1/users_controller.rb:10:in `index'
Completed 200 OK in 1ms (Views: 1.1ms | ActiveRecord: 0.0ms (1 query, 0 cached) | GC: 0.0ms)


Started GET "/api/v1/users/3" for ::1 at 2024-10-27 08:10:58 +0900
Processing by Api::V1::UsersController#show as */*
  Parameters: {"id"=>"3"}
  [1m[36mUser Load (0.1ms)[0m  [1m[34mSELECT "users".* FROM "users" WHERE "users"."id" = ? LIMIT ?[0m  [["id", 3], ["LIMIT", 1]]
  ↳ app/controllers/api/v1/users_controller.rb:48:in `set_user'
Completed 200 OK in 1ms (Views: 0.2ms | ActiveRecord: 0.1ms (1 query, 0 cached) | GC: 0.0ms)


Started GET "/api/v1/users/3" for ::1 at 2024-10-27 08:10:58 +0900
Processing by Api::V1::UsersController#show as */*
  Parameters: {"id"=>"3"}
  [1m[36mUser Load (0.1ms)[0m  [1m[34mSELECT "users".* FROM "users" WHERE "users"."id" = ? LIMIT ?[0m  [["id", 3], ["LIMIT", 1]]
  ↳ app/controllers/api/v1/users_controller.rb:48:in `set_user'
Completed 200 OK in 1ms (Views: 0.1ms | ActiveRecord: 0.1ms (1 query, 0 cached) | GC: 0.0ms)


Started GET "/api/v1/users" for ::1 at 2024-10-27 08:11:00 +0900
Processing by Api::V1::UsersController#index as */*
  [1m[36mUser Load (0.1ms)[0m  [1m[34mSELECT "users".* FROM "users"[0m
  ↳ app/controllers/api/v1/users_controller.rb:10:in `index'
Completed 200 OK in 2ms (Views: 1.4ms | ActiveRecord: 0.1ms (1 query, 0 cached) | GC: 0.3ms)


Started GET "/api/v1/users" for ::1 at 2024-10-27 08:11:00 +0900
Processing by Api::V1::UsersController#index as */*
  [1m[36mUser Load (0.1ms)[0m  [1m[34mSELECT "users".* FROM "users"[0m
  ↳ app/controllers/api/v1/users_controller.rb:10:in `index'
Completed 200 OK in 2ms (Views: 1.4ms | ActiveRecord: 0.1ms (1 query, 0 cached) | GC: 0.0ms)


Started GET "/api/v1/users/2" for ::1 at 2024-10-27 08:11:01 +0900
Processing by Api::V1::UsersController#show as */*
  Parameters: {"id"=>"2"}
  [1m[36mUser Load (0.1ms)[0m  [1m[34mSELECT "users".* FROM "users" WHERE "users"."id" = ? LIMIT ?[0m  [["id", 2], ["LIMIT", 1]]
  ↳ app/controllers/api/v1/users_controller.rb:48:in `set_user'
Completed 200 OK in 1ms (Views: 0.2ms | ActiveRecord: 0.1ms (1 query, 0 cached) | GC: 0.0ms)


Started GET "/api/v1/users/2" for ::1 at 2024-10-27 08:11:01 +0900
Processing by Api::V1::UsersController#show as */*
  Parameters: {"id"=>"2"}
  [1m[36mUser Load (0.3ms)[0m  [1m[34mSELECT "users".* FROM "users" WHERE "users"."id" = ? LIMIT ?[0m  [["id", 2], ["LIMIT", 1]]
  ↳ app/controllers/api/v1/users_controller.rb:48:in `set_user'
Completed 200 OK in 2ms (Views: 0.3ms | ActiveRecord: 0.2ms (1 query, 0 cached) | GC: 0.0ms)


Started GET "/api/v1/users" for ::1 at 2024-10-27 08:11:01 +0900
Processing by Api::V1::UsersController#index as */*
  [1m[36mUser Load (0.1ms)[0m  [1m[34mSELECT "users".* FROM "users"[0m
  ↳ app/controllers/api/v1/users_controller.rb:10:in `index'
Completed 200 OK in 2ms (Views: 1.6ms | ActiveRecord: 0.1ms (1 query, 0 cached) | GC: 0.0ms)


Started GET "/api/v1/users" for ::1 at 2024-10-27 08:11:01 +0900
Processing by Api::V1::UsersController#index as */*
  [1m[36mUser Load (0.1ms)[0m  [1m[34mSELECT "users".* FROM "users"[0m
  ↳ app/controllers/api/v1/users_controller.rb:10:in `index'
Completed 200 OK in 1ms (Views: 1.2ms | ActiveRecord: 0.1ms (1 query, 0 cached) | GC: 0.3ms)


Started GET "/api/v1/users" for ::1 at 2024-10-27 08:11:45 +0900
Processing by Api::V1::UsersController#index as */*
  [1m[36mUser Load (0.1ms)[0m  [1m[34mSELECT "users".* FROM "users"[0m
  ↳ app/controllers/api/v1/users_controller.rb:10:in `index'
Completed 200 OK in 3ms (Views: 2.1ms | ActiveRecord: 0.1ms (1 query, 0 cached) | GC: 0.0ms)


Started GET "/api/v1/users" for ::1 at 2024-10-27 08:11:48 +0900
Processing by Api::V1::UsersController#index as */*
  [1m[36mUser Load (0.1ms)[0m  [1m[34mSELECT "users".* FROM "users"[0m
  ↳ app/controllers/api/v1/users_controller.rb:10:in `index'
Completed 200 OK in 1ms (Views: 1.0ms | ActiveRecord: 0.1ms (1 query, 0 cached) | GC: 0.0ms)


Started GET "/api/v1/users/1" for ::1 at 2024-10-27 08:12:17 +0900
Processing by Api::V1::UsersController#show as */*
  Parameters: {"id"=>"1"}
  [1m[36mUser Load (0.1ms)[0m  [1m[34mSELECT "users".* FROM "users" WHERE "users"."id" = ? LIMIT ?[0m  [["id", 1], ["LIMIT", 1]]
  ↳ app/controllers/api/v1/users_controller.rb:48:in `set_user'
Completed 200 OK in 1ms (Views: 0.2ms | ActiveRecord: 0.1ms (1 query, 0 cached) | GC: 0.0ms)


Started GET "/api/v1/users/1" for ::1 at 2024-10-27 08:12:17 +0900
Processing by Api::V1::UsersController#show as */*
  Parameters: {"id"=>"1"}
  [1m[36mUser Load (0.1ms)[0m  [1m[34mSELECT "users".* FROM "users" WHERE "users"."id" = ? LIMIT ?[0m  [["id", 1], ["LIMIT", 1]]
  ↳ app/controllers/api/v1/users_controller.rb:48:in `set_user'
Completed 200 OK in 1ms (Views: 0.2ms | ActiveRecord: 0.1ms (1 query, 0 cached) | GC: 0.0ms)


Started GET "/api/v1/users" for ::1 at 2024-10-27 08:12:18 +0900
Processing by Api::V1::UsersController#index as */*
  [1m[36mUser Load (0.1ms)[0m  [1m[34mSELECT "users".* FROM "users"[0m
  ↳ app/controllers/api/v1/users_controller.rb:10:in `index'
Completed 200 OK in 1ms (Views: 1.3ms | ActiveRecord: 0.1ms (1 query, 0 cached) | GC: 0.3ms)


Started GET "/api/v1/users" for ::1 at 2024-10-27 08:12:19 +0900
Processing by Api::V1::UsersController#index as */*
  [1m[36mUser Load (0.1ms)[0m  [1m[34mSELECT "users".* FROM "users"[0m
  ↳ app/controllers/api/v1/users_controller.rb:10:in `index'
Completed 200 OK in 1ms (Views: 0.9ms | ActiveRecord: 0.1ms (1 query, 0 cached) | GC: 0.0ms)


Started GET "/api/v1/users/1" for ::1 at 2024-10-27 08:12:20 +0900
Processing by Api::V1::UsersController#show as */*
  Parameters: {"id"=>"1"}
  [1m[36mUser Load (0.1ms)[0m  [1m[34mSELECT "users".* FROM "users" WHERE "users"."id" = ? LIMIT ?[0m  [["id", 1], ["LIMIT", 1]]
  ↳ app/controllers/api/v1/users_controller.rb:48:in `set_user'
Completed 200 OK in 1ms (Views: 0.2ms | ActiveRecord: 0.1ms (1 query, 0 cached) | GC: 0.0ms)


Started GET "/api/v1/users/1" for ::1 at 2024-10-27 08:12:20 +0900
Processing by Api::V1::UsersController#show as */*
  Parameters: {"id"=>"1"}
  [1m[36mUser Load (0.1ms)[0m  [1m[34mSELECT "users".* FROM "users" WHERE "users"."id" = ? LIMIT ?[0m  [["id", 1], ["LIMIT", 1]]
  ↳ app/controllers/api/v1/users_controller.rb:48:in `set_user'
Completed 200 OK in 1ms (Views: 0.2ms | ActiveRecord: 0.1ms (1 query, 0 cached) | GC: 0.0ms)


Started GET "/api/v1/users" for ::1 at 2024-10-27 08:14:52 +0900
Processing by Api::V1::UsersController#index as */*
  [1m[36mUser Load (0.1ms)[0m  [1m[34mSELECT "users".* FROM "users"[0m
  ↳ app/controllers/api/v1/users_controller.rb:10:in `index'
Completed 200 OK in 2ms (Views: 1.6ms | ActiveRecord: 0.1ms (1 query, 0 cached) | GC: 0.0ms)


Started GET "/api/v1/users" for ::1 at 2024-10-27 08:14:52 +0900
Processing by Api::V1::UsersController#index as */*
  [1m[36mUser Load (0.1ms)[0m  [1m[34mSELECT "users".* FROM "users"[0m
  ↳ app/controllers/api/v1/users_controller.rb:10:in `index'
Completed 200 OK in 1ms (Views: 0.8ms | ActiveRecord: 0.1ms (1 query, 0 cached) | GC: 0.0ms)


  [1m[36mActiveRecord::InternalMetadata Load (0.1ms)[0m  [1m[34mSELECT * FROM "ar_internal_metadata" WHERE "ar_internal_metadata"."key" = ? ORDER BY "ar_internal_metadata"."key" ASC LIMIT 1[0m  [[nil, "environment"]]
  [1m[36mActiveRecord::SchemaMigration Load (0.0ms)[0m  [1m[34mSELECT "schema_migrations"."version" FROM "schema_migrations" ORDER BY "schema_migrations"."version" ASC[0m
Migrating to AddAuthenticationTokenToUsers (20241027040035)
  [1m[36mTRANSACTION (0.0ms)[0m  [1m[36mbegin transaction[0m
  [1m[35m (0.8ms)[0m  [1m[35mALTER TABLE "users" ADD "authentication_token" varchar[0m
  [1m[36mActiveRecord::SchemaMigration Create (0.0ms)[0m  [1m[32mINSERT INTO "schema_migrations" ("version") VALUES ('20241027040035') RETURNING "version"[0m
  [1m[36mTRANSACTION (0.1ms)[0m  [1m[36mcommit transaction[0m
  [1m[36mActiveRecord::SchemaMigration Load (0.0ms)[0m  [1m[34mSELECT "schema_migrations"."version" FROM "schema_migrations" ORDER BY "schema_migrations"."version" ASC[0m
Started GET "/api/v1/users" for ::1 at 2024-10-27 13:05:28 +0900
  [1m[36mActiveRecord::SchemaMigration Load (0.0ms)[0m  [1m[34mSELECT "schema_migrations"."version" FROM "schema_migrations" ORDER BY "schema_migrations"."version" ASC[0m
Processing by Api::V1::UsersController#index as */*
  [1m[36mUser Load (0.6ms)[0m  [1m[34mSELECT "users".* FROM "users"[0m
  ↳ app/controllers/api/v1/users_controller.rb:10:in `index'
Completed 200 OK in 9ms (Views: 5.9ms | ActiveRecord: 0.6ms (1 query, 0 cached) | GC: 2.8ms)


Started GET "/api/v1/users" for ::1 at 2024-10-27 13:05:34 +0900
Processing by Api::V1::UsersController#index as */*
  [1m[36mUser Load (0.1ms)[0m  [1m[34mSELECT "users".* FROM "users"[0m
  ↳ app/controllers/api/v1/users_controller.rb:10:in `index'
Completed 200 OK in 1ms (Views: 0.9ms | ActiveRecord: 0.1ms (1 query, 0 cached) | GC: 0.0ms)


Started GET "/api/v1/users" for ::1 at 2024-10-27 13:05:34 +0900
Processing by Api::V1::UsersController#index as */*
  [1m[36mUser Load (0.0ms)[0m  [1m[34mSELECT "users".* FROM "users"[0m
  ↳ app/controllers/api/v1/users_controller.rb:10:in `index'
Completed 200 OK in 1ms (Views: 1.2ms | ActiveRecord: 0.0ms (1 query, 0 cached) | GC: 0.3ms)


Started GET "/api/v1/users" for ::1 at 2024-10-27 13:10:49 +0900
Processing by Api::V1::UsersController#index as */*
  [1m[36mUser Load (0.2ms)[0m  [1m[34mSELECT "users".* FROM "users"[0m
  ↳ app/controllers/api/v1/users_controller.rb:10:in `index'
Completed 200 OK in 3ms (Views: 2.8ms | ActiveRecord: 0.2ms (1 query, 0 cached) | GC: 0.2ms)


Started GET "/api/v1/users" for ::1 at 2024-10-27 13:11:15 +0900
Processing by Api::V1::UsersController#index as */*
  [1m[36mUser Load (0.1ms)[0m  [1m[34mSELECT "users".* FROM "users"[0m
  ↳ app/controllers/api/v1/users_controller.rb:10:in `index'
Completed 200 OK in 1ms (Views: 1.2ms | ActiveRecord: 0.1ms (1 query, 0 cached) | GC: 0.0ms)


Started GET "/api/v1/users" for ::1 at 2024-10-27 13:11:43 +0900
Processing by Api::V1::UsersController#index as */*
  [1m[36mUser Load (0.2ms)[0m  [1m[34mSELECT "users".* FROM "users"[0m
  ↳ app/controllers/api/v1/users_controller.rb:10:in `index'
Completed 200 OK in 6ms (Views: 5.1ms | ActiveRecord: 0.2ms (1 query, 0 cached) | GC: 0.0ms)


Started GET "/api/v1/users" for ::1 at 2024-10-27 13:12:35 +0900
Processing by Api::V1::UsersController#index as */*
  [1m[36mUser Load (0.1ms)[0m  [1m[34mSELECT "users".* FROM "users"[0m
  ↳ app/controllers/api/v1/users_controller.rb:10:in `index'
Completed 200 OK in 1ms (Views: 0.8ms | ActiveRecord: 0.1ms (1 query, 0 cached) | GC: 0.0ms)


Started GET "/api/v1/users" for ::1 at 2024-10-27 13:12:44 +0900
Processing by Api::V1::UsersController#index as */*
  [1m[36mUser Load (0.0ms)[0m  [1m[34mSELECT "users".* FROM "users"[0m
  ↳ app/controllers/api/v1/users_controller.rb:10:in `index'
Completed 200 OK in 1ms (Views: 0.7ms | ActiveRecord: 0.0ms (1 query, 0 cached) | GC: 0.0ms)


Started GET "/api/v1/users" for ::1 at 2024-10-27 13:13:02 +0900
Processing by Api::V1::UsersController#index as */*
  [1m[36mUser Load (0.0ms)[0m  [1m[34mSELECT "users".* FROM "users"[0m
  ↳ app/controllers/api/v1/users_controller.rb:10:in `index'
Completed 200 OK in 1ms (Views: 0.7ms | ActiveRecord: 0.0ms (1 query, 0 cached) | GC: 0.0ms)


Started GET "/api/v1/users" for ::1 at 2024-10-27 13:13:43 +0900
Processing by Api::V1::UsersController#index as */*
  [1m[36mUser Load (0.1ms)[0m  [1m[34mSELECT "users".* FROM "users"[0m
  ↳ app/controllers/api/v1/users_controller.rb:10:in `index'
Completed 200 OK in 2ms (Views: 1.3ms | ActiveRecord: 0.1ms (1 query, 0 cached) | GC: 0.0ms)


Started GET "/api/v1/users" for ::1 at 2024-10-27 13:14:07 +0900
Processing by Api::V1::UsersController#index as */*
  [1m[36mUser Load (0.2ms)[0m  [1m[34mSELECT "users".* FROM "users"[0m
  ↳ app/controllers/api/v1/users_controller.rb:10:in `index'
Completed 200 OK in 4ms (Views: 3.3ms | ActiveRecord: 0.1ms (1 query, 0 cached) | GC: 0.2ms)


Started GET "/api/v1/users" for ::1 at 2024-10-27 13:14:22 +0900
Processing by Api::V1::UsersController#index as */*
  [1m[36mUser Load (0.1ms)[0m  [1m[34mSELECT "users".* FROM "users"[0m
  ↳ app/controllers/api/v1/users_controller.rb:10:in `index'
Completed 200 OK in 1ms (Views: 1.3ms | ActiveRecord: 0.1ms (1 query, 0 cached) | GC: 0.0ms)


Started GET "/api/v1/users" for ::1 at 2024-10-27 13:14:39 +0900
Processing by Api::V1::UsersController#index as */*
  [1m[36mUser Load (0.0ms)[0m  [1m[34mSELECT "users".* FROM "users"[0m
  ↳ app/controllers/api/v1/users_controller.rb:10:in `index'
Completed 200 OK in 1ms (Views: 0.8ms | ActiveRecord: 0.0ms (1 query, 0 cached) | GC: 0.1ms)


Started GET "/api/v1/users" for ::1 at 2024-10-27 13:14:44 +0900
Processing by Api::V1::UsersController#index as */*
  [1m[36mUser Load (0.1ms)[0m  [1m[34mSELECT "users".* FROM "users"[0m
  ↳ app/controllers/api/v1/users_controller.rb:10:in `index'
Completed 200 OK in 1ms (Views: 0.7ms | ActiveRecord: 0.1ms (1 query, 0 cached) | GC: 0.0ms)


Started GET "/api/v1/users" for ::1 at 2024-10-27 13:14:53 +0900
Processing by Api::V1::UsersController#index as */*
  [1m[36mUser Load (0.1ms)[0m  [1m[34mSELECT "users".* FROM "users"[0m
  ↳ app/controllers/api/v1/users_controller.rb:10:in `index'
Completed 200 OK in 1ms (Views: 0.9ms | ActiveRecord: 0.1ms (1 query, 0 cached) | GC: 0.0ms)


Started GET "/api/v1/users" for ::1 at 2024-10-27 13:15:07 +0900
Processing by Api::V1::UsersController#index as */*
  [1m[36mUser Load (0.1ms)[0m  [1m[34mSELECT "users".* FROM "users"[0m
  ↳ app/controllers/api/v1/users_controller.rb:10:in `index'
Completed 200 OK in 2ms (Views: 1.3ms | ActiveRecord: 0.1ms (1 query, 0 cached) | GC: 0.2ms)


Started GET "/api/v1/users" for ::1 at 2024-10-27 13:15:41 +0900
Processing by Api::V1::UsersController#index as */*
  [1m[36mUser Load (0.1ms)[0m  [1m[34mSELECT "users".* FROM "users"[0m
  ↳ app/controllers/api/v1/users_controller.rb:10:in `index'
Completed 200 OK in 1ms (Views: 1.0ms | ActiveRecord: 0.0ms (1 query, 0 cached) | GC: 0.0ms)


Started GET "/api/v1/users" for ::1 at 2024-10-27 13:15:53 +0900
Processing by Api::V1::UsersController#index as */*
  [1m[36mUser Load (0.0ms)[0m  [1m[34mSELECT "users".* FROM "users"[0m
  ↳ app/controllers/api/v1/users_controller.rb:10:in `index'
Completed 200 OK in 1ms (Views: 0.7ms | ActiveRecord: 0.0ms (1 query, 0 cached) | GC: 0.0ms)


Started GET "/api/v1/users" for ::1 at 2024-10-27 13:15:59 +0900
Processing by Api::V1::UsersController#index as */*
  [1m[36mUser Load (0.1ms)[0m  [1m[34mSELECT "users".* FROM "users"[0m
  ↳ app/controllers/api/v1/users_controller.rb:10:in `index'
Completed 200 OK in 1ms (Views: 0.7ms | ActiveRecord: 0.0ms (1 query, 0 cached) | GC: 0.0ms)


Started GET "/api/v1/users" for ::1 at 2024-10-27 13:18:20 +0900
Processing by Api::V1::UsersController#index as */*
  [1m[36mUser Load (0.1ms)[0m  [1m[34mSELECT "users".* FROM "users"[0m
  ↳ app/controllers/api/v1/users_controller.rb:10:in `index'
Completed 200 OK in 2ms (Views: 2.1ms | ActiveRecord: 0.1ms (1 query, 0 cached) | GC: 0.1ms)


Started GET "/api/v1/users" for ::1 at 2024-10-27 13:19:03 +0900
Processing by Api::V1::UsersController#index as */*
  [1m[36mUser Load (0.1ms)[0m  [1m[34mSELECT "users".* FROM "users"[0m
  ↳ app/controllers/api/v1/users_controller.rb:10:in `index'
Completed 200 OK in 1ms (Views: 1.1ms | ActiveRecord: 0.1ms (1 query, 0 cached) | GC: 0.2ms)


Started GET "/api/v1/users" for ::1 at 2024-10-27 13:21:37 +0900
Processing by Api::V1::UsersController#index as */*
  [1m[36mUser Load (0.1ms)[0m  [1m[34mSELECT "users".* FROM "users"[0m
  ↳ app/controllers/api/v1/users_controller.rb:10:in `index'
Completed 200 OK in 2ms (Views: 2.1ms | ActiveRecord: 0.1ms (1 query, 0 cached) | GC: 0.3ms)


Started GET "/" for 127.0.0.1 at 2024-10-28 15:47:44 +0900
  [1m[36mActiveRecord::SchemaMigration Load (0.1ms)[0m  [1m[34mSELECT "schema_migrations"."version" FROM "schema_migrations" ORDER BY "schema_migrations"."version" ASC[0m
Processing by Rails::WelcomeController#index as HTML
  Rendering /Users/makotoagawa/.rbenv/versions/3.2.4/lib/ruby/gems/3.2.0/gems/railties-7.2.1.1/lib/rails/templates/rails/welcome/index.html.erb
  Rendered /Users/makotoagawa/.rbenv/versions/3.2.4/lib/ruby/gems/3.2.0/gems/railties-7.2.1.1/lib/rails/templates/rails/welcome/index.html.erb (Duration: 0.4ms | GC: 0.0ms)
Completed 200 OK in 6ms (Views: 1.9ms | ActiveRecord: 0.0ms (0 queries, 0 cached) | GC: 0.0ms)


Started GET "/icon.png" for 127.0.0.1 at 2024-10-28 15:47:44 +0900
  
ActionController::RoutingError (No route matches [GET] "/icon.png"):
  
Started GET "/api/v1/users" for ::1 at 2024-10-28 15:49:29 +0900
Processing by Api::V1::UsersController#index as */*
  [1m[36mUser Load (0.6ms)[0m  [1m[34mSELECT "users".* FROM "users"[0m
  ↳ app/controllers/api/v1/users_controller.rb:10:in `index'
Completed 200 OK in 14ms (Views: 5.1ms | ActiveRecord: 0.8ms (1 query, 0 cached) | GC: 1.4ms)


  [1m[36mUser Load (3.6ms)[0m  [1m[34mSELECT "users".* FROM "users" /* loading for pp */ LIMIT ?[0m  [["LIMIT", 11]]
  [1m[36mActiveRecord::InternalMetadata Load (0.1ms)[0m  [1m[34mSELECT * FROM "ar_internal_metadata" WHERE "ar_internal_metadata"."key" = ? ORDER BY "ar_internal_metadata"."key" ASC LIMIT 1[0m  [[nil, "environment"]]
  [1m[36mActiveRecord::SchemaMigration Load (0.0ms)[0m  [1m[34mSELECT "schema_migrations"."version" FROM "schema_migrations" ORDER BY "schema_migrations"."version" ASC[0m
Migrating to CreateEvents (20241029231614)
  [1m[36mTRANSACTION (0.0ms)[0m  [1m[36mbegin transaction[0m
  [1m[35m (0.4ms)[0m  [1m[35mCREATE TABLE "events" ("id" integer PRIMARY KEY AUTOINCREMENT NOT NULL, "title" varchar, "date" datetime(6), "location" varchar, "description" text, "price" varchar, "user_id" integer, "created_at" datetime(6) NOT NULL, "updated_at" datetime(6) NOT NULL)[0m
  [1m[36mActiveRecord::SchemaMigration Create (0.0ms)[0m  [1m[32mINSERT INTO "schema_migrations" ("version") VALUES ('20241029231614') RETURNING "version"[0m
  [1m[36mTRANSACTION (0.1ms)[0m  [1m[36mcommit transaction[0m
  [1m[36mActiveRecord::SchemaMigration Load (0.0ms)[0m  [1m[34mSELECT "schema_migrations"."version" FROM "schema_migrations" ORDER BY "schema_migrations"."version" ASC[0m
  [1m[36mTRANSACTION (0.0ms)[0m  [1m[36mbegin transaction[0m
  [1m[36mEvent Create (0.3ms)[0m  [1m[32mINSERT INTO "events" ("title", "date", "location", "description", "price", "user_id", "created_at", "updated_at") VALUES (?, ?, ?, ?, ?, ?, ?, ?) RETURNING "id"[0m  [["title", "Sample Event"], ["date", "2024-12-31 18:00:00"], ["location", "Tokyo, Japan"], ["description", "This is a sample event description."], ["price", "5000"], ["user_id", 1], ["created_at", "2024-10-30 02:29:50.178396"], ["updated_at", "2024-10-30 02:29:50.178396"]]
  [1m[36mTRANSACTION (0.2ms)[0m  [1m[36mcommit transaction[0m
  [1m[36mTRANSACTION (0.1ms)[0m  [1m[36mbegin transaction[0m
  [1m[36mEvent Create (0.8ms)[0m  [1m[32mINSERT INTO "events" ("title", "date", "location", "description", "price", "user_id", "created_at", "updated_at") VALUES (?, ?, ?, ?, ?, ?, ?, ?) RETURNING "id"[0m  [["title", "Sample Second"], ["date", "2025-01-01 09:00:00"], ["location", "Tokyo, Japan"], ["description", "This is a sample event second description."], ["price", "無料"], ["user_id", 1], ["created_at", "2024-10-30 02:32:43.659187"], ["updated_at", "2024-10-30 02:32:43.659187"]]
  [1m[36mTRANSACTION (0.1ms)[0m  [1m[36mcommit transaction[0m
  [1m[36mTRANSACTION (0.1ms)[0m  [1m[36mbegin transaction[0m
  [1m[36mEvent Create (0.7ms)[0m  [1m[32mINSERT INTO "events" ("title", "date", "location", "description", "price", "user_id", "created_at", "updated_at") VALUES (?, ?, ?, ?, ?, ?, ?, ?) RETURNING "id"[0m  [["title", "Sample Third"], ["date", "2024-12-24 12:00:00"], ["location", "Tokyo, Japan"], ["description", "This is a sample event third description."], ["price", "1000"], ["user_id", 2], ["created_at", "2024-10-30 02:33:56.002688"], ["updated_at", "2024-10-30 02:33:56.002688"]]
  [1m[36mTRANSACTION (0.2ms)[0m  [1m[36mcommit transaction[0m
  [1m[36mEvent Load (0.3ms)[0m  [1m[34mSELECT "events".* FROM "events" /* loading for pp */ LIMIT ?[0m  [["LIMIT", 11]]
  [1m[36mActiveRecord::InternalMetadata Load (0.1ms)[0m  [1m[34mSELECT * FROM "ar_internal_metadata" WHERE "ar_internal_metadata"."key" = ? ORDER BY "ar_internal_metadata"."key" ASC LIMIT 1[0m  [[nil, "environment"]]
  [1m[36mActiveRecord::SchemaMigration Load (0.0ms)[0m  [1m[34mSELECT "schema_migrations"."version" FROM "schema_migrations" ORDER BY "schema_migrations"."version" ASC[0m
  [1m[36mActiveRecord::SchemaMigration Load (0.0ms)[0m  [1m[34mSELECT "schema_migrations"."version" FROM "schema_migrations" ORDER BY "schema_migrations"."version" ASC[0m
  [1m[36mActiveRecord::InternalMetadata Load (0.2ms)[0m  [1m[34mSELECT * FROM "ar_internal_metadata" WHERE "ar_internal_metadata"."key" = ? ORDER BY "ar_internal_metadata"."key" ASC LIMIT 1[0m  [[nil, "environment"]]
  [1m[36mActiveRecord::SchemaMigration Load (0.0ms)[0m  [1m[34mSELECT "schema_migrations"."version" FROM "schema_migrations" ORDER BY "schema_migrations"."version" ASC[0m
Migrating to AddImageToEvents (20241030100728)
  [1m[36mTRANSACTION (0.0ms)[0m  [1m[36mbegin transaction[0m
  [1m[35m (0.5ms)[0m  [1m[35mALTER TABLE "events" ADD "image" varchar[0m
  [1m[36mActiveRecord::SchemaMigration Create (0.0ms)[0m  [1m[32mINSERT INTO "schema_migrations" ("version") VALUES ('20241030100728') RETURNING "version"[0m
  [1m[36mTRANSACTION (0.1ms)[0m  [1m[36mcommit transaction[0m
  [1m[36mActiveRecord::SchemaMigration Load (0.0ms)[0m  [1m[34mSELECT "schema_migrations"."version" FROM "schema_migrations" ORDER BY "schema_migrations"."version" ASC[0m
  [1m[36mActiveRecord::InternalMetadata Load (0.1ms)[0m  [1m[34mSELECT * FROM "ar_internal_metadata" WHERE "ar_internal_metadata"."key" = ? ORDER BY "ar_internal_metadata"."key" ASC LIMIT 1[0m  [[nil, "environment"]]
  [1m[36mActiveRecord::SchemaMigration Load (0.0ms)[0m  [1m[34mSELECT "schema_migrations"."version" FROM "schema_migrations" ORDER BY "schema_migrations"."version" ASC[0m
Migrating to AddIndexToUsersEmail (20241031040130)
  [1m[36mTRANSACTION (0.0ms)[0m  [1m[36mbegin transaction[0m
  [1m[35m (0.5ms)[0m  [1m[35mCREATE UNIQUE INDEX "index_users_on_email" ON "users" ("email")[0m
  [1m[36mActiveRecord::SchemaMigration Create (0.0ms)[0m  [1m[32mINSERT INTO "schema_migrations" ("version") VALUES ('20241031040130') RETURNING "version"[0m
  [1m[36mTRANSACTION (0.1ms)[0m  [1m[36mcommit transaction[0m
  [1m[36mActiveRecord::SchemaMigration Load (0.0ms)[0m  [1m[34mSELECT "schema_migrations"."version" FROM "schema_migrations" ORDER BY "schema_migrations"."version" ASC[0m
  [1m[36mActiveRecord::InternalMetadata Load (0.1ms)[0m  [1m[34mSELECT * FROM "ar_internal_metadata" WHERE "ar_internal_metadata"."key" = ? ORDER BY "ar_internal_metadata"."key" ASC LIMIT 1[0m  [[nil, "environment"]]
  [1m[36mActiveRecord::SchemaMigration Load (0.0ms)[0m  [1m[34mSELECT "schema_migrations"."version" FROM "schema_migrations" ORDER BY "schema_migrations"."version" ASC[0m
Migrating to AddPasswordDigestToUsers (20241031040351)
  [1m[36mTRANSACTION (0.0ms)[0m  [1m[36mbegin transaction[0m
  [1m[35m (0.5ms)[0m  [1m[35mALTER TABLE "users" ADD "password_digest" varchar[0m
  [1m[36mTRANSACTION (0.0ms)[0m  [1m[31mrollback transaction[0m
  [1m[36mActiveRecord::InternalMetadata Load (0.1ms)[0m  [1m[34mSELECT * FROM "ar_internal_metadata" WHERE "ar_internal_metadata"."key" = ? ORDER BY "ar_internal_metadata"."key" ASC LIMIT 1[0m  [[nil, "environment"]]
  [1m[36mActiveRecord::SchemaMigration Load (0.0ms)[0m  [1m[34mSELECT "schema_migrations"."version" FROM "schema_migrations" ORDER BY "schema_migrations"."version" ASC[0m
  [1m[36mActiveRecord::SchemaMigration Load (0.0ms)[0m  [1m[34mSELECT "schema_migrations"."version" FROM "schema_migrations" ORDER BY "schema_migrations"."version" ASC[0m
